<?xml version="1.0" encoding="UTF-8"?>
<!-- Generated by org.testng.reporters.JUnitXMLReporter -->
<testsuite ignored="23" hostname="DESKTOP-Q6VUJCM" failures="0" tests="2" name="Test" time="39.541" errors="0" timestamp="2024-04-30T16:02:19 IST">
  <testcase classname="TestScripts.AddToCardTest" name="AddToCard" time="24.23"/>
  <testcase classname="TestScripts.BookTest" name="book_001" time="15.126"/>
  <testcase classname="TestScripts.LoginTest" name="Apparellink" time="0.0">
    <ignored/>
  </testcase> <!-- Apparellink -->
  <testcase classname="TestScripts.LoginTest" name="Raddtocard" time="0.0">
    <ignored/>
  </testcase> <!-- Raddtocard -->
  <testcase classname="TestScripts.LoginTest" name="DigiDown" time="0.0">
    <ignored/>
  </testcase> <!-- DigiDown -->
  <testcase classname="TestScripts.LoginTest" name="checkout" time="0.0">
    <ignored/>
  </testcase> <!-- checkout -->
  <testcase classname="TestScripts.LoginTest" name="shoppingCard" time="0.0">
    <ignored/>
  </testcase> <!-- shoppingCard -->
  <testcase classname="TestScripts.RegisterTest" name="register" time="0.0">
    <ignored/>
  </testcase> <!-- register -->
  <testcase classname="TestScripts.LoginTest" name="register" time="0.0">
    <ignored/>
  </testcase> <!-- register -->
  <testcase classname="TestScripts.LoginTest" name="compare" time="0.0">
    <ignored/>
  </testcase> <!-- compare -->
  <testcase classname="TestScripts.LoginTest" name="GiftCard" time="0.0">
    <ignored/>
  </testcase> <!-- GiftCard -->
  <testcase classname="TestScripts.LoginTest" name="AddToCard" time="0.0">
    <ignored/>
  </testcase> <!-- AddToCard -->
  <testcase classname="TestScripts.LoginTest" name="Appareldropdown" time="0.0">
    <ignored/>
  </testcase> <!-- Appareldropdown -->
  <testcase classname="TestScripts.LoginTest" name="checkoutguest" time="0.0">
    <ignored/>
  </testcase> <!-- checkoutguest -->
  <testcase classname="TestScripts.dependencyTest" name="login" time="0.0">
    <ignored/>
  </testcase> <!-- login -->
  <testcase classname="TestScripts.dependencyTest" name="AddToCard" time="0.0">
    <ignored/>
  </testcase> <!-- AddToCard -->
  <testcase classname="TestScripts.LoginTest" name="BooksLink" time="0.0">
    <ignored/>
  </testcase> <!-- BooksLink -->
  <testcase classname="TestScripts.LoginTest" name="shippingaddress" time="0.0">
    <ignored/>
  </testcase> <!-- shippingaddress -->
  <testcase classname="TestScripts.LoginTest" name="paymentmethod" time="0.0">
    <ignored/>
  </testcase> <!-- paymentmethod -->
  <testcase classname="TestScripts.dependencyTest" name="register" time="0.0">
    <ignored/>
  </testcase> <!-- register -->
  <testcase classname="TestScripts.LoginTest" name="computerlink" time="0.0">
    <ignored/>
  </testcase> <!-- computerlink -->
  <testcase classname="TestScripts.LoginTest" name="DigiDownTitle" time="0.0">
    <ignored/>
  </testcase> <!-- DigiDownTitle -->
  <testcase classname="TestScripts.LoginTest" name="Wishlist" time="0.0">
    <ignored/>
  </testcase> <!-- Wishlist -->
  <testcase classname="TestScripts.LoginTest" name="Jewelry" time="0.0">
    <ignored/>
  </testcase> <!-- Jewelry -->
  <testcase classname="TestScripts.LoginTest" name="login" time="0.0">
    <ignored/>
  </testcase> <!-- login -->
</testsuite> <!-- Test -->
