<?xml version="1.0" encoding="UTF-8"?>
<testng-results ignored="0" total="2" passed="2" failed="0" skipped="0">
  <reporter-output>
  </reporter-output>
  <suite started-at="2024-04-30T16:01:39 IST" name="Suite" finished-at="2024-04-30T16:02:19 IST" duration-ms="39541">
    <groups>
      <group name="smoke">
        <method signature="AddToCardTest.AddToCard()[pri:0, instance:TestScripts.AddToCardTest@5c6648b0]" name="AddToCard" class="TestScripts.AddToCardTest"/>
        <method signature="BookTest.book_001()[pri:0, instance:TestScripts.BookTest@6f1de4c7]" name="book_001" class="TestScripts.BookTest"/>
      </group> <!-- smoke -->
    </groups>
    <test started-at="2024-04-30T16:01:39 IST" name="Test" finished-at="2024-04-30T16:02:19 IST" duration-ms="39541">
      <class name="TestScripts.BookTest">
        <test-method signature="book_001()[pri:0, instance:TestScripts.BookTest@6f1de4c7]" started-at="2024-04-30T16:02:04 IST" name="book_001" finished-at="2024-04-30T16:02:19 IST" duration-ms="15126" status="PASS">
          <reporter-output>
          </reporter-output>
        </test-method> <!-- book_001 -->
      </class> <!-- TestScripts.BookTest -->
      <class name="TestScripts.AddToCardTest">
        <test-method signature="AddToCard()[pri:0, instance:TestScripts.AddToCardTest@5c6648b0]" started-at="2024-04-30T16:01:39 IST" name="AddToCard" finished-at="2024-04-30T16:02:03 IST" duration-ms="24230" status="PASS">
          <reporter-output>
          </reporter-output>
        </test-method> <!-- AddToCard -->
      </class> <!-- TestScripts.AddToCardTest -->
    </test> <!-- Test -->
  </suite> <!-- Suite -->
</testng-results>
